0 info it worked if it ends with ok
1 verbose cli [ 'C:\\Program Files\\nodejs\\node.exe',
1 verbose cli   'C:\\Program Files\\nodejs\\node_modules\\npm\\bin\\npm-cli.js',
1 verbose cli   'run',
1 verbose cli   'serve' ]
2 info using npm@3.10.8
3 info using node@v6.9.1
4 verbose run-script [ 'preserve', 'serve', 'postserve' ]
5 info lifecycle material-start@0.0.3~preserve: material-start@0.0.3
6 silly lifecycle material-start@0.0.3~preserve: no script for preserve, continuing
7 info lifecycle material-start@0.0.3~serve: material-start@0.0.3
8 verbose lifecycle material-start@0.0.3~serve: unsafe-perm in lifecycle true
9 verbose lifecycle material-start@0.0.3~serve: PATH: C:\Program Files\nodejs\node_modules\npm\bin\node-gyp-bin;C:\Users\Vinicius Nunes\AppWeb\node_modules\.bin;C:\Program Files (x86)\Common Files\Intel\Shared Files\cpp\bin\Intel64;C:\ProgramData\Oracle\Java\javapath;C:\Program Files\Common Files\Microsoft Shared\Windows Live;C:\Program Files (x86)\Common Files\Microsoft Shared\Windows Live;C:\WINDOWS\system32;C:\WINDOWS;C:\WINDOWS\System32\Wbem;C:\WINDOWS\System32\WindowsPowerShell\v1.0\;C:\Program Files (x86)\Skype\Phone\;C:\Program Files\nodejs\;C:\Program Files\Git\cmd;C:\Android\android-sdk\tools;C:\Android\android-sdk\platform-tools;C:\Users\Vinicius Nunes\AppData\Local\Microsoft\WindowsApps;C:\Users\Vinicius Nunes\AppData\Roaming\npm;C:\Users\Vinicius Nunes\AppData\Local\atom\bin
10 verbose lifecycle material-start@0.0.3~serve: CWD: C:\Users\Vinicius Nunes\AppWeb
11 silly lifecycle material-start@0.0.3~serve: Args: [ '/d /s /c', 'live-server ./app' ]
12 silly lifecycle material-start@0.0.3~serve: Returned: code: 3221225786  signal: null
13 info lifecycle material-start@0.0.3~serve: Failed to exec serve script
14 verbose stack Error: material-start@0.0.3 serve: `live-server ./app`
14 verbose stack Exit status 3221225786
14 verbose stack     at EventEmitter.<anonymous> (C:\Program Files\nodejs\node_modules\npm\lib\utils\lifecycle.js:255:16)
14 verbose stack     at emitTwo (events.js:106:13)
14 verbose stack     at EventEmitter.emit (events.js:191:7)
14 verbose stack     at ChildProcess.<anonymous> (C:\Program Files\nodejs\node_modules\npm\lib\utils\spawn.js:40:14)
14 verbose stack     at emitTwo (events.js:106:13)
14 verbose stack     at ChildProcess.emit (events.js:191:7)
14 verbose stack     at maybeClose (internal/child_process.js:877:16)
14 verbose stack     at Process.ChildProcess._handle.onexit (internal/child_process.js:226:5)
15 verbose pkgid material-start@0.0.3
16 verbose cwd C:\Users\Vinicius Nunes\AppWeb
17 error Windows_NT 10.0.14393
18 error argv "C:\\Program Files\\nodejs\\node.exe" "C:\\Program Files\\nodejs\\node_modules\\npm\\bin\\npm-cli.js" "run" "serve"
19 error node v6.9.1
20 error npm  v3.10.8
21 error code ELIFECYCLE
22 error material-start@0.0.3 serve: `live-server ./app`
22 error Exit status 3221225786
23 error Failed at the material-start@0.0.3 serve script 'live-server ./app'.
23 error Make sure you have the latest version of node.js and npm installed.
23 error If you do, this is most likely a problem with the material-start package,
23 error not with npm itself.
23 error Tell the author that this fails on your system:
23 error     live-server ./app
23 error You can get information on how to open an issue for this project with:
23 error     npm bugs material-start
23 error Or if that isn't available, you can get their info via:
23 error     npm owner ls material-start
23 error There is likely additional logging output above.
24 verbose exit [ 1, true ]
